<?xml version="1.0" encoding="UTF-8"?>
<testng-results ignored="0" total="1" passed="1" failed="0" skipped="0">
  <reporter-output>
  </reporter-output>
  <suite started-at="2024-05-30T12:38:53Z" name="Suite" finished-at="2024-05-30T12:39:16Z" duration-ms="22859">
    <groups>
    </groups>
    <test started-at="2024-05-30T12:38:53Z" name="FirstProject" finished-at="2024-05-30T12:39:16Z" duration-ms="22859">
      <class name="qa.Tests.TestCase1">
        <test-method is-config="true" signature="beforeTest()[pri:0, instance:qa.Tests.TestCase1@611df6e3]" started-at="2024-05-30T12:38:53Z" name="beforeTest" finished-at="2024-05-30T12:38:53Z" duration-ms="37" status="PASS">
          <reporter-output>
          </reporter-output>
        </test-method> <!-- beforeTest -->
        <test-method is-config="true" signature="beforeMethod(java.lang.String, java.lang.reflect.Method)[pri:0, instance:qa.Tests.TestCase1@611df6e3]" started-at="2024-05-30T12:38:53Z" name="beforeMethod" finished-at="2024-05-30T12:39:08Z" duration-ms="15031" status="PASS">
          <params>
            <param index="0">
              <value>
                <![CDATA[chrome]]>
              </value>
            </param>
            <param index="1">
              <value>
                <![CDATA[public void qa.Tests.TestCase1.testCase3(java.lang.reflect.Method) throws java.io.IOException]]>
              </value>
            </param>
          </params>
          <reporter-output>
          </reporter-output>
        </test-method> <!-- beforeMethod -->
        <test-method signature="testCase3(java.lang.reflect.Method)[pri:0, instance:qa.Tests.TestCase1@611df6e3]" started-at="2024-05-30T12:39:08Z" name="testCase3" finished-at="2024-05-30T12:39:15Z" duration-ms="6545" status="PASS">
          <params>
            <param index="0">
              <value>
                <![CDATA[public void qa.Tests.TestCase1.testCase3(java.lang.reflect.Method) throws java.io.IOException]]>
              </value>
            </param>
          </params>
          <reporter-output>
          </reporter-output>
        </test-method> <!-- testCase3 -->
        <test-method is-config="true" signature="afterMethod(org.testng.ITestResult)[pri:0, instance:qa.Tests.TestCase1@611df6e3]" started-at="2024-05-30T12:39:15Z" name="afterMethod" finished-at="2024-05-30T12:39:15Z" duration-ms="468" status="PASS">
          <params>
            <param index="0">
              <value>
                <![CDATA[[TestResult name=testCase3 status=SUCCESS method=TestCase1.testCase3(java.lang.reflect.Method)[pri:0, instance:qa.Tests.TestCase1@611df6e3] output={null}]]]>
              </value>
            </param>
          </params>
          <reporter-output>
          </reporter-output>
        </test-method> <!-- afterMethod -->
        <test-method is-config="true" signature="afterTest()[pri:0, instance:qa.Tests.TestCase1@611df6e3]" started-at="2024-05-30T12:39:15Z" name="afterTest" finished-at="2024-05-30T12:39:16Z" duration-ms="561" status="PASS">
          <reporter-output>
          </reporter-output>
        </test-method> <!-- afterTest -->
      </class> <!-- qa.Tests.TestCase1 -->
    </test> <!-- FirstProject -->
  </suite> <!-- Suite -->
</testng-results>
